#
# A fatal error has been detected by the Java Runtime Environment:
#
#  EXCEPTION_ACCESS_VIOLATION (0xc0000005) at pc=0x6a82dd39, pid=5508, tid=7736
#
# JRE version: Java(TM) SE Runtime Environment (7.0_71-b14) (build 1.7.0_71-b14)
# Java VM: Java HotSpot(TM) Client VM (24.71-b01 mixed mode windows-x86 )
# Problematic frame:
# C  [jcef.dll+0xdd39]
#
# Failed to write core dump. Minidumps are not enabled by default on client versions of Windows
#
# If you would like to submit a bug report, please visit:
#   http://bugreport.sun.com/bugreport/crash.jsp
#

---------------  T H R E A D  ---------------

Current thread (0x299d3c00):  VMThread [stack: 0x29b10000,0x29c10000] [id=7736]

siginfo: ExceptionCode=0xc0000005, reading address 0x00000058

Registers:
EAX=0x299d3d30, EBX=0x6a888678, ECX=0x00000000, EDX=0x2a85c8f4
ESP=0x29c0f2c8, EBP=0x29c0f2e0, ESI=0x3b1c0a9c, EDI=0x3ad84454
EIP=0x6a82dd39, EFLAGS=0x00010206

Top of Stack: (sp=0x29c0f2c8)
0x29c0f2c8:   299d3d30 2a85c8f4 3ad84454 3b1c0a50
0x29c0f2d8:   299d3d30 018474a0 29c0f2f0 6a82e190
0x29c0f2e8:   3ad84454 3452ebc0 29c0f30c 6a82ddcc
0x29c0f2f8:   00000001 6a857e17 3ad84440 6a857492
0x29c0f308:   00000000 29c0f32c 53538e54 3452ebc4
0x29c0f318:   2de31b80 2de31b80 53572300 3b1c0cdc
0x29c0f328:   3ad69680 29c0f338 53572adb 3acebf00
0x29c0f338:   29c0f354 535787e8 00000001 53539756 

Instructions: (pc=0x6a82dd39)
0x6a82dd19:   00 00 c6 45 ff 00 e8 dc 55 ff ff 83 c4 08 85 c0
0x6a82dd29:   75 1f 8b 45 f8 85 c0 74 18 8b 56 bc 8b 08 52 50
0x6a82dd39:   8b 41 58 ff d0 8d 4d ff 51 e8 09 56 ff ff 83 c4
0x6a82dd49:   04 8d 4e e0 e8 1e 08 02 00 8b 46 d4 8b 08 50 51 


Register to memory mapping:

EAX=
[error occurred during error reporting (printing register info), id 0xc0000005]

Stack: [0x29b10000,0x29c10000],  sp=0x29c0f2c8,  free space=1020k
Native frames: (J=compiled Java code, j=interpreted, Vv=VM code, C=native code)
C  [jcef.dll+0xdd39]
C  [jcef.dll+0xe190]
C  [jcef.dll+0xddcc]
C  [libcef.dll+0x48e54]
C  [libcef.dll+0x82adb]
C  [libcef.dll+0x887e8]
C  [jcef.dll+0x35e16]
C  [jcef.dll+0x2723e]
C  [jcef.dll+0x27813]
C  [jcef.dll+0x5622b]
C  [jcef.dll+0x4825a]
C  [jcef.dll+0x4832d]
C  [jcef.dll+0x44c86]
C  [jcef.dll+0x44cf1]
C  [ntdll.dll+0x497de]
C  [ntdll.dll+0x49758]
C  [ntdll.dll+0x6cd68]
C  [ntdll.dll+0x6ce11]
C  [KERNEL32.DLL+0x29863]
C  0x5106aa85
C  0x50fcdf9c
C  0x73bd9ee4
C  0x73bd3422
C  [MSVCR100.dll+0x27954]
C  [MSVCR100.dll+0x2798d]
C  [MSVCR100.dll+0x27ab0]
C  [MSVCR100.dll+0x27b1d]
V  [jvm.dll+0x140952]
V  [jvm.dll+0x16909d]
V  [jvm.dll+0x1684b1]
V  [jvm.dll+0x1688c7]
V  [jvm.dll+0x168ac2]
V  [jvm.dll+0x1a80f9]
C  [MSVCR100.dll+0x5c556]
C  [MSVCR100.dll+0x5c600]
C  [KERNEL32.DLL+0x17c04]
C  [ntdll.dll+0x5ad1f]
C  [ntdll.dll+0x5acea]

VM_Operation (0x0018fac0): Exit, mode: safepoint, requested by thread 0x0208c000


---------------  P R O C E S S  ---------------

Java Threads: ( => current thread )
  0x2e7e5400 JavaThread "AWT-Shutdown" [_thread_blocked, id=1000, stack(0x2fa70000,0x2fb70000)]
  0x2e7e4800 JavaThread "Thread-13" daemon [_thread_in_native, id=7836, stack(0x37040000,0x37140000)]
  0x2e7df400 JavaThread "Thread-11" daemon [_thread_in_native, id=4416, stack(0x35800000,0x35900000)]
  0x2e7e2c00 JavaThread "TimerQueue" daemon [_thread_blocked, id=3348, stack(0x38c20000,0x38d20000)]
  0x2e7e1000 JavaThread "JCEF-MessageQueue" daemon [_thread_blocked, id=7004, stack(0x37340000,0x37440000)]
  0x2e7e0000 JavaThread "Java2D Disposer" daemon [_thread_blocked, id=4328, stack(0x336e0000,0x337e0000)]
  0x2be6b000 JavaThread "Pool C:\Users\GhinY\AppData\Roaming\CooCox\CoIDE\repo\CODB_SIMPLIFY.FDB idleRemover" daemon [_thread_blocked, id=7348, stack(0x32cb0000,0x32db0000)]
  0x299fc800 JavaThread "Service Thread" daemon [_thread_blocked, id=1112, stack(0x2a3d0000,0x2a4d0000)]
  0x299f6c00 JavaThread "C1 CompilerThread0" daemon [_thread_blocked, id=5376, stack(0x2a290000,0x2a390000)]
  0x299f6400 JavaThread "Attach Listener" daemon [_thread_blocked, id=5900, stack(0x2a150000,0x2a250000)]
  0x299f5c00 JavaThread "Signal Dispatcher" daemon [_thread_blocked, id=5640, stack(0x2a010000,0x2a110000)]
  0x299f5400 JavaThread "Surrogate Locker Thread (Concurrent GC)" daemon [_thread_blocked, id=7148, stack(0x29ed0000,0x29fd0000)]
  0x299da000 JavaThread "Finalizer" daemon [_thread_blocked, id=3156, stack(0x29d90000,0x29e90000)]
  0x299d5800 JavaThread "Reference Handler" daemon [_thread_blocked, id=1232, stack(0x29c50000,0x29d50000)]
  0x0208c000 JavaThread "main" [_thread_blocked, id=1628, stack(0x00090000,0x00190000)]

Other Threads:
=>0x299d3c00 VMThread [stack: 0x29b10000,0x29c10000] [id=7736]

VM state:at safepoint (shutting down)

VM Mutex/Monitor currently owned by a thread:  ([mutex/lock_event])
[0x0208a708] Threads_lock - owner thread: 0x299d3c00

Heap
 par new generation   total 18432K, used 9571K [0x04600000, 0x05a00000, 0x0f0a0000)
  eden space 16384K,  46% used [0x04600000, 0x04d723e8, 0x05600000)
  from space 2048K,  95% used [0x05600000, 0x057e6828, 0x05800000)
  to   space 2048K,   0% used [0x05800000, 0x05800000, 0x05a00000)
 concurrent mark-sweep generation total 62340K, used 41438K [0x0f0a0000, 0x12d81000, 0x24600000)
 concurrent-mark-sweep perm gen total 65536K, used 44659K [0x24600000, 0x28600000, 0x28600000)

Card table byte_map: [0x044d0000,0x04600000] byte_map_base: 0x044ad000

Polling page: 0x01ae0000

Code Cache  [0x02090000, 0x02b10000, 0x04090000)
 total_blobs=5444 nmethods=5178 adapters=198 free_code_cache=22126Kb largest_free_block=22551168

Compilation events (10 events):
Event: 5359.894 Thread 0x299f6c00 5363   !         org.eclipse.osgi.framework.eventmgr.ListenerQueue::dispatchEventSynchronous (81 bytes)
Event: 5359.895 Thread 0x299f6c00 nmethod 5363 0x029f5348 code [0x029f54d0, 0x029f5884]
Event: 5360.006 Thread 0x299f6c00 5364             org.eclipse.osgi.internal.serviceregistry.ShrinkableCollection::initComposite (157 bytes)
Event: 5360.007 Thread 0x299f6c00 nmethod 5364 0x029f4ac8 code [0x029f4cb0, 0x029f4fdc]
Event: 5360.029 Thread 0x299f6c00 5365             org.eclipse.osgi.framework.eventmgr.CopyOnWriteIdentityMap$Snapshot$EntrySet::iterator (12 bytes)
Event: 5360.030 Thread 0x299f6c00 nmethod 5365 0x029f4808 code [0x029f4900, 0x029f49f0]
Event: 5360.030 Thread 0x299f6c00 5366             org.eclipse.osgi.framework.eventmgr.CopyOnWriteIdentityMap$Snapshot$SnapshotIterator::<init> (24 bytes)
Event: 5360.030 Thread 0x299f6c00 nmethod 5366 0x029f45c8 code [0x029f46c0, 0x029f4760]
Event: 5360.030 Thread 0x299f6c00 5367             org.eclipse.osgi.framework.eventmgr.CopyOnWriteIdentityMap$Snapshot$EntryIterator::<init> (11 bytes)
Event: 5360.031 Thread 0x299f6c00 nmethod 5367 0x029f4388 code [0x029f4480, 0x029f4530]

GC Heap History (10 events):
Event: 5312.861 GC heap before
{Heap before GC invocations=175 (full 13):
 par new generation   total 18432K, used 17414K [0x04600000, 0x05a00000, 0x0f0a0000)
  eden space 16384K, 100% used [0x04600000, 0x05600000, 0x05600000)
  from space 2048K,  50% used [0x05800000, 0x05901970, 0x05a00000)
  to   space 2048K,   0% used [0x05600000, 0x05600000, 0x05800000)
 concurrent mark-sweep generation total 62340K, used 32919K [0x0f0a0000, 0x12d81000, 0x24600000)
 concurrent-mark-sweep perm gen total 65536K, used 44258K [0x24600000, 0x28600000, 0x28600000)
Event: 5312.869 GC heap after
Heap after GC invocations=176 (full 13):
 par new generation   total 18432K, used 2048K [0x04600000, 0x05a00000, 0x0f0a0000)
  eden space 16384K,   0% used [0x04600000, 0x04600000, 0x05600000)
  from space 2048K, 100% used [0x05600000, 0x05800000, 0x05800000)
  to   space 2048K,   0% used [0x05800000, 0x05800000, 0x05a00000)
 concurrent mark-sweep generation total 62340K, used 33616K [0x0f0a0000, 0x12d81000, 0x24600000)
 concurrent-mark-sweep perm gen total 65536K, used 44258K [0x24600000, 0x28600000, 0x28600000)
}
Event: 5329.456 GC heap before
{Heap before GC invocations=176 (full 13):
 par new generation   total 18432K, used 18432K [0x04600000, 0x05a00000, 0x0f0a0000)
  eden space 16384K, 100% used [0x04600000, 0x05600000, 0x05600000)
  from space 2048K, 100% used [0x05600000, 0x05800000, 0x05800000)
  to   space 2048K,   0% used [0x05800000, 0x05800000, 0x05a00000)
 concurrent mark-sweep generation total 62340K, used 33616K [0x0f0a0000, 0x12d81000, 0x24600000)
 concurrent-mark-sweep perm gen total 65536K, used 44258K [0x24600000, 0x28600000, 0x28600000)
Event: 5329.465 GC heap after
Heap after GC invocations=177 (full 13):
 par new generation   total 18432K, used 2048K [0x04600000, 0x05a00000, 0x0f0a0000)
  eden space 16384K,   0% used [0x04600000, 0x04600000, 0x05600000)
  from space 2048K, 100% used [0x05800000, 0x05a00000, 0x05a00000)
  to   space 2048K,   0% used [0x05600000, 0x05600000, 0x05800000)
 concurrent mark-sweep generation total 62340K, used 35870K [0x0f0a0000, 0x12d81000, 0x24600000)
 concurrent-mark-sweep perm gen total 65536K, used 44258K [0x24600000, 0x28600000, 0x28600000)
}
Event: 5329.984 GC heap before
{Heap before GC invocations=177 (full 13):
 par new generation   total 18432K, used 18432K [0x04600000, 0x05a00000, 0x0f0a0000)
  eden space 16384K, 100% used [0x04600000, 0x05600000, 0x05600000)
  from space 2048K, 100% used [0x05800000, 0x05a00000, 0x05a00000)
  to   space 2048K,   0% used [0x05600000, 0x05600000, 0x05800000)
 concurrent mark-sweep generation total 62340K, used 35870K [0x0f0a0000, 0x12d81000, 0x24600000)
 concurrent-mark-sweep perm gen total 65536K, used 44258K [0x24600000, 0x28600000, 0x28600000)
Event: 5329.993 GC heap after
Heap after GC invocations=178 (full 13):
 par new generation   total 18432K, used 2048K [0x04600000, 0x05a00000, 0x0f0a0000)
  eden space 16384K,   0% used [0x04600000, 0x04600000, 0x05600000)
  from space 2048K, 100% used [0x05600000, 0x05800000, 0x05800000)
  to   space 2048K,   0% used [0x05800000, 0x05800000, 0x05a00000)
 concurrent mark-sweep generation total 62340K, used 38224K [0x0f0a0000, 0x12d81000, 0x24600000)
 concurrent-mark-sweep perm gen total 65536K, used 44258K [0x24600000, 0x28600000, 0x28600000)
}
Event: 5353.554 GC heap before
{Heap before GC invocations=178 (full 13):
 par new generation   total 18432K, used 18432K [0x04600000, 0x05a00000, 0x0f0a0000)
  eden space 16384K, 100% used [0x04600000, 0x05600000, 0x05600000)
  from space 2048K, 100% used [0x05600000, 0x05800000, 0x05800000)
  to   space 2048K,   0% used [0x05800000, 0x05800000, 0x05a00000)
 concurrent mark-sweep generation total 62340K, used 38224K [0x0f0a0000, 0x12d81000, 0x24600000)
 concurrent-mark-sweep perm gen total 65536K, used 44273K [0x24600000, 0x28600000, 0x28600000)
Event: 5353.568 GC heap after
Heap after GC invocations=179 (full 13):
 par new generation   total 18432K, used 2048K [0x04600000, 0x05a00000, 0x0f0a0000)
  eden space 16384K,   0% used [0x04600000, 0x04600000, 0x05600000)
  from space 2048K, 100% used [0x05800000, 0x05a00000, 0x05a00000)
  to   space 2048K,   0% used [0x05600000, 0x05600000, 0x05800000)
 concurrent mark-sweep generation total 62340K, used 40387K [0x0f0a0000, 0x12d81000, 0x24600000)
 concurrent-mark-sweep perm gen total 65536K, used 44273K [0x24600000, 0x28600000, 0x28600000)
}
Event: 5357.723 GC heap before
{Heap before GC invocations=179 (full 13):
 par new generation   total 18432K, used 18432K [0x04600000, 0x05a00000, 0x0f0a0000)
  eden space 16384K, 100% used [0x04600000, 0x05600000, 0x05600000)
  from space 2048K, 100% used [0x05800000, 0x05a00000, 0x05a00000)
  to   space 2048K,   0% used [0x05600000, 0x05600000, 0x05800000)
 concurrent mark-sweep generation total 62340K, used 40387K [0x0f0a0000, 0x12d81000, 0x24600000)
 concurrent-mark-sweep perm gen total 65536K, used 44274K [0x24600000, 0x28600000, 0x28600000)
Event: 5357.737 GC heap after
Heap after GC invocations=180 (full 13):
 par new generation   total 18432K, used 1946K [0x04600000, 0x05a00000, 0x0f0a0000)
  eden space 16384K,   0% used [0x04600000, 0x04600000, 0x05600000)
  from space 2048K,  95% used [0x05600000, 0x057e6828, 0x05800000)
  to   space 2048K,   0% used [0x05800000, 0x05800000, 0x05a00000)
 concurrent mark-sweep generation total 62340K, used 41438K [0x0f0a0000, 0x12d81000, 0x24600000)
 concurrent-mark-sweep perm gen total 65536K, used 44274K [0x24600000, 0x28600000, 0x28600000)
}

Deoptimization events (0 events):
No events

Internal exceptions (10 events):
Event: 5360.024 Thread 0x0208c000 Threw 0x04ca8708 at C:\re\jdk7u71\1605\hotspot\src\share\vm\prims\jvm.cpp:1281
Event: 5360.025 Thread 0x0208c000 Threw 0x04cacae0 at C:\re\jdk7u71\1605\hotspot\src\share\vm\prims\jvm.cpp:1281
Event: 5360.056 Thread 0x0208c000 Threw 0x04cc2bd8 at C:\re\jdk7u71\1605\hotspot\src\share\vm\prims\jvm.cpp:1281
Event: 5360.057 Thread 0x0208c000 Threw 0x04cc76d0 at C:\re\jdk7u71\1605\hotspot\src\share\vm\prims\jvm.cpp:1281
Event: 5360.058 Thread 0x0208c000 Threw 0x04ccc178 at C:\re\jdk7u71\1605\hotspot\src\share\vm\prims\jvm.cpp:1281
Event: 5360.060 Thread 0x0208c000 Threw 0x04cd83b8 at C:\re\jdk7u71\1605\hotspot\src\share\vm\prims\jvm.cpp:1281
Event: 5360.063 Thread 0x2a6a3c00 Threw 0x04cdf4c8 at C:\re\jdk7u71\1605\hotspot\src\share\vm\prims\jvm.cpp:3002
Event: 5360.067 Thread 0x2e7dfc00 Threw 0x04cfa370 at C:\re\jdk7u71\1605\hotspot\src\share\vm\runtime\objectMonitor.cpp:1652
Event: 5360.071 Thread 0x2a721400 Threw 0x04cff720 at C:\re\jdk7u71\1605\hotspot\src\share\vm\runtime\objectMonitor.cpp:1652
Event: 5360.138 Thread 0x2a749800 Threw 0x04cc5128 at C:\re\jdk7u71\1605\hotspot\src\share\vm\runtime\objectMonitor.cpp:1652

Events (10 events):
Event: 5360.138 Thread 0x2a749800 Thread exited: 0x2a749800
Event: 5360.138 loading class 0x29a6b698
Event: 5360.157 loading class 0x29a6b698 done
Event: 5360.157 Thread 0x2a704c00 Thread exited: 0x2a704c00
Event: 5360.157 Thread 0x2e7dfc00 Thread added: 0x2e7dfc00
Event: 5360.157 Thread 0x2e7e0800 Thread added: 0x2e7e0800
Event: 5360.158 Thread 0x2e7e0800 Thread exited: 0x2e7e0800
Event: 5360.160 Thread 0x2e7e1c00 Thread exited: 0x2e7e1c00
Event: 5360.265 Thread 0x2e7dfc00 Thread exited: 0x2e7dfc00
Event: 5360.268 Executing VM operation: Exit


Dynamic libraries:
0x00400000 - 0x0040d000 	C:\CooCox\CoIDE_V2Beta\CoIDE.exe
0x777b0000 - 0x7791e000 	C:\WINDOWS\SYSTEM32\ntdll.dll
0x755b0000 - 0x756f0000 	C:\WINDOWS\SYSTEM32\KERNEL32.DLL
0x756f0000 - 0x757c7000 	C:\WINDOWS\SYSTEM32\KERNELBASE.dll
0x75210000 - 0x75363000 	C:\WINDOWS\SYSTEM32\USER32.dll
0x5eda0000 - 0x5ee29000 	C:\WINDOWS\WinSxS\x86_microsoft.windows.common-controls_6595b64144ccf1df_5.82.9600.17810_none_7c5b6194aa0716f1\COMCTL32.dll
0x75370000 - 0x75433000 	C:\WINDOWS\SYSTEM32\MSVCRT.dll
0x750b0000 - 0x751bf000 	C:\WINDOWS\SYSTEM32\GDI32.dll
0x77660000 - 0x776dc000 	C:\WINDOWS\SYSTEM32\ADVAPI32.dll
0x751c0000 - 0x75201000 	C:\WINDOWS\SYSTEM32\sechost.dll
0x75b20000 - 0x75bda000 	C:\WINDOWS\SYSTEM32\RPCRT4.dll
0x74fa0000 - 0x74fbe000 	C:\WINDOWS\SYSTEM32\SspiCli.dll
0x74f90000 - 0x74f9a000 	C:\WINDOWS\SYSTEM32\CRYPTBASE.dll
0x74f30000 - 0x74f84000 	C:\WINDOWS\SYSTEM32\bcryptPrimitives.dll
0x757d0000 - 0x757f7000 	C:\WINDOWS\system32\IMM32.DLL
0x76010000 - 0x76122000 	C:\WINDOWS\SYSTEM32\MSCTF.dll
0x72000000 - 0x7200d000 	C:\CooCox\CoIDE_V2Beta\plugins\org.eclipse.equinox.launcher.win32.win32.x86_1.1.100.v20110502\eclipse_1406.dll
0x74f20000 - 0x74f28000 	C:\WINDOWS\SYSTEM32\VERSION.dll
0x5ef80000 - 0x5f309000 	C:\CooCox\CoIDE_V2Beta\jre\bin\client\jvm.dll
0x74680000 - 0x74688000 	C:\WINDOWS\SYSTEM32\WSOCK32.dll
0x74a40000 - 0x74a63000 	C:\WINDOWS\SYSTEM32\WINMM.dll
0x75540000 - 0x75546000 	C:\WINDOWS\SYSTEM32\PSAPI.DLL
0x6ef60000 - 0x6f01f000 	C:\WINDOWS\SYSTEM32\MSVCR100.dll
0x74fc0000 - 0x75010000 	C:\WINDOWS\SYSTEM32\WS2_32.dll
0x74a10000 - 0x74a33000 	C:\WINDOWS\SYSTEM32\WINMMBASE.dll
0x75010000 - 0x75017000 	C:\WINDOWS\SYSTEM32\NSI.dll
0x77600000 - 0x7763c000 	C:\WINDOWS\SYSTEM32\cfgmgr32.dll
0x749e0000 - 0x74a01000 	C:\WINDOWS\SYSTEM32\DEVOBJ.dll
0x6aa60000 - 0x6aa6c000 	C:\CooCox\CoIDE_V2Beta\jre\bin\verify.dll
0x6aa40000 - 0x6aa60000 	C:\CooCox\CoIDE_V2Beta\jre\bin\java.dll
0x6aa20000 - 0x6aa33000 	C:\CooCox\CoIDE_V2Beta\jre\bin\zip.dll
0x71910000 - 0x71929000 	C:\WINDOWS\SYSTEM32\CRYPTSP.dll
0x718e0000 - 0x71910000 	C:\WINDOWS\system32\rsaenh.dll
0x718c0000 - 0x718de000 	C:\WINDOWS\SYSTEM32\bcrypt.dll
0x74ef0000 - 0x74f0b000 	C:\WINDOWS\SYSTEM32\USERENV.dll
0x74ee0000 - 0x74eef000 	C:\WINDOWS\SYSTEM32\profapi.dll
0x6aa00000 - 0x6aa14000 	C:\CooCox\CoIDE_V2Beta\jre\bin\net.dll
0x73e00000 - 0x73e4b000 	C:\WINDOWS\system32\mswsock.dll
0x74c40000 - 0x74c60000 	C:\WINDOWS\SYSTEM32\IPHLPAPI.DLL
0x74c30000 - 0x74c38000 	C:\WINDOWS\SYSTEM32\WINNSI.DLL
0x74620000 - 0x74633000 	C:\WINDOWS\SYSTEM32\dhcpcsvc6.DLL
0x748f0000 - 0x74904000 	C:\WINDOWS\SYSTEM32\dhcpcsvc.DLL
0x6a9f0000 - 0x6a9ff000 	C:\CooCox\CoIDE_V2Beta\jre\bin\nio.dll
0x6b2e0000 - 0x6b3cd000 	C:\WINDOWS\system32\uxtheme.dll
0x75be0000 - 0x75d5d000 	C:\WINDOWS\SYSTEM32\combase.dll
0x75d70000 - 0x75e99000 	C:\WINDOWS\system32\ole32.dll
0x748e0000 - 0x748e9000 	C:\WINDOWS\SYSTEM32\kernel.appcore.dll
0x73f30000 - 0x73f41000 	C:\WINDOWS\system32\napinsp.dll
0x73f10000 - 0x73f26000 	C:\WINDOWS\system32\pnrpnsp.dll
0x73ef0000 - 0x73f04000 	C:\WINDOWS\system32\NLAapi.dll
0x74720000 - 0x7479e000 	C:\WINDOWS\SYSTEM32\DNSAPI.dll
0x74610000 - 0x7461a000 	C:\WINDOWS\System32\winrnr.dll
0x73ee0000 - 0x73ef0000 	C:\WINDOWS\system32\wshbth.dll
0x73da0000 - 0x73da8000 	C:\Windows\System32\rasadhlp.dll
0x73db0000 - 0x73df6000 	C:\WINDOWS\System32\fwpuclnt.dll
0x2b5f0000 - 0x2b65e000 	C:\CooCox\CoIDE_V2Beta\configuration\org.eclipse.osgi\bundles\111\1\.cp\swt-win32-3740.dll
0x754a0000 - 0x75535000 	C:\WINDOWS\SYSTEM32\OLEAUT32.dll
0x75800000 - 0x7589b000 	C:\WINDOWS\SYSTEM32\comdlg32.dll
0x6a910000 - 0x6a975000 	C:\WINDOWS\SYSTEM32\WINSPOOL.DRV
0x6b590000 - 0x6b796000 	C:\WINDOWS\WinSxS\x86_microsoft.windows.common-controls_6595b64144ccf1df_6.0.9600.17810_none_a9edf09f013934e0\COMCTL32.dll
0x76340000 - 0x775fc000 	C:\WINDOWS\SYSTEM32\SHELL32.dll
0x6aaf0000 - 0x6ab06000 	C:\WINDOWS\SYSTEM32\USP10.dll
0x6da80000 - 0x6dc73000 	C:\WINDOWS\SYSTEM32\WININET.dll
0x75990000 - 0x75b18000 	C:\WINDOWS\SYSTEM32\CRYPT32.dll
0x75550000 - 0x75595000 	C:\WINDOWS\SYSTEM32\SHLWAPI.dll
0x6dc80000 - 0x6deb2000 	C:\WINDOWS\SYSTEM32\iertutil.dll
0x75d60000 - 0x75d6e000 	C:\WINDOWS\SYSTEM32\MSASN1.dll
0x74cf0000 - 0x74d7b000 	C:\WINDOWS\SYSTEM32\SHCORE.DLL
0x6ae90000 - 0x6aeaa000 	C:\WINDOWS\system32\dwmapi.dll
0x744b0000 - 0x745ea000 	C:\WINDOWS\SYSTEM32\propsys.dll
0x758a0000 - 0x7592d000 	C:\WINDOWS\SYSTEM32\clbcatq.dll
0x2b7d0000 - 0x2b7ed000 	C:\CooCox\CoIDE_V2Beta\configuration\org.eclipse.osgi\bundles\111\1\.cp\swt-gdip-win32-3740.dll
0x74170000 - 0x742e0000 	C:\WINDOWS\WinSxS\x86_microsoft.windows.gdiplus_6595b64144ccf1df_1.1.9600.17415_none_dad8722c5bcc2d8f\gdiplus.dll
0x6b010000 - 0x6b17b000 	C:\WINDOWS\SYSTEM32\WindowsCodecs.dll
0x67970000 - 0x67c08000 	C:\WINDOWS\system32\explorerframe.dll
0x678f0000 - 0x6796f000 	C:\WINDOWS\system32\DUser.dll
0x67780000 - 0x678e9000 	C:\WINDOWS\system32\DUI70.dll
0x68020000 - 0x68070000 	C:\WINDOWS\SYSTEM32\oleacc.dll
0x6b580000 - 0x6b586000 	C:\WINDOWS\SYSTEM32\msimg32.dll
0x57ea0000 - 0x58ae8000 	C:\Windows\SYSTEM32\ieframe.dll
0x6dec0000 - 0x6e00b000 	C:\WINDOWS\SYSTEM32\urlmon.dll
0x57b60000 - 0x57bde000 	C:\WINDOWS\SYSTEM32\sxs.dll
0x6b240000 - 0x6b2e0000 	C:\WINDOWS\SYSTEM32\apphelp.dll
0x56480000 - 0x578ed000 	C:\Windows\SYSTEM32\mshtml.dll
0x74930000 - 0x7493a000 	C:\WINDOWS\SYSTEM32\Secur32.dll
0x6a9e0000 - 0x6a9ee000 	C:\WINDOWS\system32\msimtf.dll
0x67c70000 - 0x67cb0000 	C:\WINDOWS\SYSTEM32\powrprof.dll
0x64f90000 - 0x64ff9000 	C:\WINDOWS\SYSTEM32\dxgi.dll
0x6a9a0000 - 0x6a9d3000 	C:\WINDOWS\SYSTEM32\MLANG.dll
0x6a280000 - 0x6a28a000 	C:\WINDOWS\SYSTEM32\ondemandconnroutehelper.dll
0x6ba70000 - 0x6bb0f000 	C:\WINDOWS\SYSTEM32\winhttp.dll
0x57be0000 - 0x57cdd000 	C:\Windows\SYSTEM32\uiautomationcore.dll
0x56020000 - 0x5647a000 	C:\WINDOWS\SYSTEM32\jscript9.dll
0x55c30000 - 0x56016000 	C:\WINDOWS\SYSTEM32\d2d1.dll
0x6a390000 - 0x6a511000 	C:\WINDOWS\SYSTEM32\DWrite.dll
0x64db0000 - 0x64f89000 	C:\WINDOWS\SYSTEM32\d3d11.dll
0x6aef0000 - 0x6af23000 	C:\WINDOWS\SYSTEM32\msls31.dll
0x6a8e0000 - 0x6a905000 	C:\CooCox\CoIDE_V2Beta\jre\bin\jaybird22.dll
0x31e70000 - 0x3221d000 	C:\CooCox\CoIDE_V2Beta\jre\bin\fbembed.dll
0x73d00000 - 0x73d9b000 	C:\WINDOWS\WinSxS\x86_microsoft.vc80.crt_1fc8b3b9a1e18e3b_8.0.50727.8428_none_d08a11e2442dc25d\MSVCR80.dll
0x6b550000 - 0x6b566000 	C:\WINDOWS\SYSTEM32\MPR.dll
0x4a800000 - 0x4a8a8000 	C:\CooCox\CoIDE_V2Beta\jre\bin\icuuc30.dll
0x4ad00000 - 0x4ae7f000 	C:\CooCox\CoIDE_V2Beta\jre\bin\icudt30.dll
0x32220000 - 0x32226000 	C:\CooCox\CoIDE_V2Beta\jre\bin\ib_util.dll
0x322c0000 - 0x323a3000 	C:\CooCox\CoIDE_V2Beta\jre\bin\intl\fbintl.DLL
0x6b970000 - 0x6b998000 	C:\WINDOWS\SYSTEM32\ntmarta.dll
0x318e0000 - 0x318ee000 	C:\CooCox\CoIDE_V2Beta\configuration\org.eclipse.osgi\bundles\68\1\.cp\os\win32\x86\localfile_1_0_0.dll
0x76130000 - 0x762e1000 	C:\WINDOWS\SYSTEM32\SETUPAPI.dll
0x60440000 - 0x6046e000 	C:\WINDOWS\SYSTEM32\XmlLite.dll
0x6a600000 - 0x6a743000 	C:\CooCox\CoIDE_V2Beta\jre\bin\awt.dll
0x6a8a0000 - 0x6a8d9000 	C:\CooCox\CoIDE_V2Beta\jre\bin\fontmanager.dll
0x6a990000 - 0x6a996000 	C:\CooCox\CoIDE_V2Beta\jre\bin\jawt.dll
0x534f0000 - 0x55c24000 	C:\CooCox\CoIDE_V2Beta\bin\Release\libcef.dll
0x74f10000 - 0x74f1f000 	C:\WINDOWS\SYSTEM32\WTSAPI32.dll
0x6a820000 - 0x6a893000 	C:\CooCox\CoIDE_V2Beta\bin\Release\jcef.dll
0x57ce0000 - 0x57d96000 	C:\WINDOWS\system32\msctfuimanager.dll
0x67cb0000 - 0x67d10000 	C:\WINDOWS\system32\audioses.dll
0x67c10000 - 0x67c63000 	C:\WINDOWS\system32\MMDevAPI.DLL
0x59cc0000 - 0x59d02000 	C:\WINDOWS\System32\UIAnimation.dll
0x762f0000 - 0x7632d000 	C:\WINDOWS\SYSTEM32\WINTRUST.dll
0x6a530000 - 0x6a57d000 	C:\Windows\System32\Bcp47Langs.dll
0x60760000 - 0x607e0000 	C:\WINDOWS\System32\StructuredQuery.dll
0x6a980000 - 0x6a98c000 	C:\WINDOWS\SYSTEM32\atlthunk.dll
0x5f800000 - 0x5f823000 	C:\Windows\SYSTEM32\thumbcache.dll
0x6a520000 - 0x6a528000 	C:\WINDOWS\system32\IconCodecService.dll
0x62280000 - 0x62289000 	C:\WINDOWS\System32\drprov.dll
0x74b90000 - 0x74bd5000 	C:\WINDOWS\System32\WINSTA.dll
0x50230000 - 0x503d8000 	C:\PROGRA~2\MICROS~2\Office15\GROOVEEX.DLL

VM Arguments:
jvm_args: -Dosgi.parentClassloader=ext --launcher.XXMaxPermSize 256M -vmargs -Xms60m -Xmx512m -XX:+UseConcMarkSweepGC -XX:+CMSClassUnloadingEnabled 
java_command: <unknown>
Launcher Type: generic

Environment Variables:
PATH=C:/CooCox/CoIDE_V2Beta/jre/bin/client;C:/CooCox/CoIDE_V2Beta/jre/bin;C:/CooCox/CoIDE_V2Beta/jre/lib/i386;C:\ProgramData\Oracle\Java\javapath;c:\Program Files (x86)\Intel\iCLS Client\;c:\Program Files\Intel\iCLS Client\;C:\Windows\system32;C:\Windows;C:\Windows\System32\Wbem;C:\Windows\System32\WindowsPowerShell\v1.0\;C:\Program Files\Intel\Intel(R) Management Engine Components\DAL;C:\Program Files\Intel\Intel(R) Management Engine Components\IPT;C:\Program Files (x86)\Intel\Intel(R) Management Engine Components\DAL;C:\Program Files (x86)\Intel\Intel(R) Management Engine Components\IPT;C:\Program Files (x86)\Intel\OpenCL SDK\3.0\bin\x86;C:\Program Files (x86)\Intel\OpenCL SDK\3.0\bin\x64;c:\altera\81\quartus\bin;C:\WINDOWS\system32;C:\WINDOWS;C:\WINDOWS\System32\Wbem;C:\WINDOWS\System32\WindowsPowerShell\v1.0\;C:\Program Files (x86)\Microchip\MPLAB C32 Suite\bin;C:\Program Files (x86)\Skype\Phone;C:\MinGW\bin;C:\Program Files (x86)\Windows Live\Shared;C:\Program Files (x86)\Skype\Phone\;C:\Program Files\CoIDE_V2Beta\bin;C:\CooCox\CoIDE_V2Beta\gcc\bin;C:\CooCox\CoIDE_V2Beta\bin;C:\altera\91\modelsim_ase\win32aloem;C:\Program Files (x86)\Microchip\MPLAB C30\bin;C:\Ruby22-x64\bin;C:\Modeltech_pe_edu_10.4a\win32pe_edu;C:\Program Files (x86)\modelsim_ase\win32aloem;C:\Users\GhinY\Desktop\LocalEmerald\DegreeSEM2\ADC_CoIDE;
USERNAME=GhinY
OS=Windows_NT
PROCESSOR_IDENTIFIER=Intel64 Family 6 Model 69 Stepping 1, GenuineIntel



---------------  S Y S T E M  ---------------

OS: Windows 8 , 64 bit Build 9200 

CPU:total 4 (2 cores per cpu, 2 threads per core) family 6 model 69 stepping 1, cmov, cx8, fxsr, mmx, sse, sse2, sse3, ssse3, sse4.1, sse4.2, popcnt, avx, avx2, aes, erms, ht, tsc, tscinvbit

Memory: 4k page, physical 4096692k(1862836k free), swap 4817588k(1716228k free)

vm_info: Java HotSpot(TM) Client VM (24.71-b01) for windows-x86 JRE (1.7.0_71-b14), built on Sep 26 2014 16:30:49 by "java_re" with unknown MS VC++:1600

time: Sun Dec 06 01:08:49 2015
elapsed time: 5361 seconds

